<?xml version="1.0" encoding="UTF-8"?>
<testsuite name="integration.IntegrationTest" tests="1" skipped="0" failures="0" errors="0" timestamp="2025-09-28T04:20:18" hostname="DESKTOP-BJ784BH" time="0.019">
  <properties/>
  <testcase name="integrationTest()" classname="integration.IntegrationTest" time="0.019"/>
  <system-out><![CDATA[]]></system-out>
  <system-err><![CDATA[]]></system-err>
</testsuite>
